c:\users\alisd\desktop\operatep.m.v.sms.tel.fp\temp\win32\debug\operatepicture\operatepicture.pch
c:\users\alisd\desktop\operatep.m.v.sms.tel.fp\temp\win32\debug\operatepicture\vc142.pdb
c:\users\alisd\desktop\operatep.m.v.sms.tel.fp\temp\win32\debug\operatepicture\vc142.idb
c:\users\alisd\desktop\operatep.m.v.sms.tel.fp\temp\win32\debug\operatepicture\pch.obj
c:\users\alisd\desktop\operatep.m.v.sms.tel.fp\temp\win32\debug\operatepicture\operatepicturedlg.obj
c:\users\alisd\desktop\operatep.m.v.sms.tel.fp\temp\win32\debug\operatepicture\operatepicture.obj
c:\users\alisd\desktop\operatep.m.v.sms.tel.fp\bin\win32\debug\operatepicture.ilk
c:\users\alisd\desktop\operatep.m.v.sms.tel.fp\bin\win32\debug\operatepicture.exe
c:\users\alisd\desktop\operatep.m.v.sms.tel.fp\bin\win32\debug\operatepicture.pdb
c:\users\alisd\desktop\operatep.m.v.sms.tel.fp\temp\win32\debug\operatepicture\operatepicture.res
c:\users\alisd\desktop\operatep.m.v.sms.tel.fp\operatepicture\../bin/win32/debug\operatepicture.pdb
c:\users\alisd\desktop\operatep.m.v.sms.tel.fp\operatepicture\../bin/win32/debug\operatepicture.exe
c:\users\alisd\desktop\operatep.m.v.sms.tel.fp\operatepicture\../bin/win32/debug\operatepicture.ilk
c:\users\alisd\desktop\operatep.m.v.sms.tel.fp\temp\win32\debug\operatepicture\operatepicture.tlog\cl.command.1.tlog
c:\users\alisd\desktop\operatep.m.v.sms.tel.fp\temp\win32\debug\operatepicture\operatepicture.tlog\cl.read.1.tlog
c:\users\alisd\desktop\operatep.m.v.sms.tel.fp\temp\win32\debug\operatepicture\operatepicture.tlog\cl.write.1.tlog
c:\users\alisd\desktop\operatep.m.v.sms.tel.fp\temp\win32\debug\operatepicture\operatepicture.tlog\link.command.1.tlog
c:\users\alisd\desktop\operatep.m.v.sms.tel.fp\temp\win32\debug\operatepicture\operatepicture.tlog\link.read.1.tlog
c:\users\alisd\desktop\operatep.m.v.sms.tel.fp\temp\win32\debug\operatepicture\operatepicture.tlog\link.write.1.tlog
c:\users\alisd\desktop\operatep.m.v.sms.tel.fp\temp\win32\debug\operatepicture\operatepicture.tlog\rc.command.1.tlog
c:\users\alisd\desktop\operatep.m.v.sms.tel.fp\temp\win32\debug\operatepicture\operatepicture.tlog\rc.read.1.tlog
c:\users\alisd\desktop\operatep.m.v.sms.tel.fp\temp\win32\debug\operatepicture\operatepicture.tlog\rc.write.1.tlog
